<?xml version="1.0" encoding="UTF-8"?>
<testsuite xmlns:xsi="http://www.w3.org/2001/XMLSchema-instance" xsi:noNamespaceSchemaLocation="https://maven.apache.org/surefire/maven-surefire-plugin/xsd/surefire-test-report.xsd" name="com.ecosystem.protobuf.mapper.ProtobufMapperTest" time="2.774" tests="2" errors="0" skipped="0" failures="0">
  <properties>
[...]
</properties>
  <testcase name="mapJSONToProtobug" classname="com.ecosystem.protobuf.mapper.ProtobufMapperTest" time="0.268"/>
  <testcase name="mapFromProtobufToJSON" classname="com.ecosystem.protobuf.mapper.ProtobufMapperTest" time="0.009"/>
</testsuite>